<?xml version="1.0" encoding="UTF-8" standalone="yes"?>
<vdb name="test10-1-1-1-vdb" version="1">
    <description>This is test VDB</description>



</vdb>

